<?xml version="1.0" encoding="UTF-8"?>
<!-- Generated by org.testng.reporters.JUnitReportReporter -->
<testsuite hostname="DESKTOP-TNE954T" name="org.postMan.SumValidation" tests="1" failures="0" timestamp="25 Oct 2022 07:02:44 GMT" time="4.744" errors="0">
  <testcase name="sumOfCourses" time="4.744" classname="org.postMan.SumValidation"/>
</testsuite> <!-- org.postMan.SumValidation -->
